<?xml version="1.0" encoding="UTF-8"?>
<!-- Generated by org.testng.reporters.JUnitReportReporter -->
<testsuite hostname="LIN-PG02TP5Y" failures="0" tests="3" name="anuragsaroj.tests.SubmitOrderTestt" time="73.745" errors="0" timestamp="2025-12-25T12:56:27 IST" skipped="0">
  <testcase classname="anuragsaroj.tests.SubmitOrderTestt" name="OrderHistory" time="17.816"/>
  <testcase classname="anuragsaroj.tests.SubmitOrderTestt" name="SubmitOrderTest" time="26.312"/>
  <testcase classname="anuragsaroj.tests.SubmitOrderTestt" name="SubmitOrderTest" time="29.617"/>
</testsuite> <!-- anuragsaroj.tests.SubmitOrderTestt -->
