<?xml version="1.0" encoding="UTF-8"?>
<!-- Generated by org.testng.reporters.JUnitReportReporter -->
<testsuite hostname="LIN-PG02TP5Y" failures="0" tests="2" name="anuragsaroj.tests.ErrorValidation" time="15.917" errors="0" timestamp="2025-12-21T08:59:18 IST" skipped="0">
  <testcase classname="anuragsaroj.tests.ErrorValidation" name="submitOrder" time="6.334"/>
  <testcase classname="anuragsaroj.tests.ErrorValidation" name="SubmitOrderTest1" time="9.583"/>
</testsuite> <!-- anuragsaroj.tests.ErrorValidation -->
