<?xml version="1.0" encoding="UTF-8"?>
<!-- Generated by org.testng.reporters.JUnitXMLReporter -->
<testsuite ignored="0" hostname="LIN-PG02TP5Y" failures="0" tests="3" name="Error Validation Test" time="74.417" errors="0" timestamp="2025-12-25T12:56:27 IST">
  <testcase classname="anuragsaroj.tests.SubmitOrderTestt" name="SubmitOrderTest" time="14.543"/>
  <testcase classname="anuragsaroj.tests.SubmitOrderTestt" name="SubmitOrderTest" time="19.748"/>
  <testcase classname="anuragsaroj.tests.SubmitOrderTestt" name="OrderHistory" time="2.081"/>
</testsuite> <!-- Error Validation Test -->
