<?xml version="1.0" encoding="UTF-8"?>
<!-- Generated by org.testng.reporters.JUnitReportReporter -->
<testsuite hostname="LIN-PG02TP5Y" failures="0" tests="3" name="anuragsaroj.tests.SubmitOrderTestt" time="72.596" errors="0" timestamp="2025-12-25T19:46:55 IST" skipped="0">
  <testcase classname="anuragsaroj.tests.SubmitOrderTestt" name="SubmitOrderTest" time="34.312"/>
  <testcase classname="anuragsaroj.tests.SubmitOrderTestt" name="SubmitOrderTest" time="23.143"/>
  <testcase classname="anuragsaroj.tests.SubmitOrderTestt" name="OrderHistory" time="15.141"/>
</testsuite> <!-- anuragsaroj.tests.SubmitOrderTestt -->
