<?xml version="1.0" encoding="UTF-8"?>
<!-- Generated by org.testng.reporters.JUnitReportReporter -->
<testsuite hostname="LIN-PG02TP5Y" failures="0" tests="2" name="anuragsaroj.tests.ErrorValidationTest" time="51.667" errors="0" timestamp="2025-12-25T19:46:55 IST" skipped="0">
  <testcase classname="anuragsaroj.tests.ErrorValidationTest" name="ProductValidation" time="35.261"/>
  <testcase classname="anuragsaroj.tests.ErrorValidationTest" name="submitOrder" time="16.406"/>
</testsuite> <!-- anuragsaroj.tests.ErrorValidationTest -->
