<?xml version="1.0" encoding="UTF-8"?>
<!-- Generated by org.testng.reporters.JUnitXMLReporter -->
<testsuite ignored="0" hostname="LIN-PG02TP5Y" failures="0" tests="3" name="Error Validation Test" time="73.867" errors="0" timestamp="2025-12-25T19:46:54 IST">
  <testcase classname="anuragsaroj.tests.SubmitOrderTestt" name="SubmitOrderTest" time="22.276"/>
  <testcase classname="anuragsaroj.tests.SubmitOrderTestt" name="SubmitOrderTest" time="13.521"/>
  <testcase classname="anuragsaroj.tests.SubmitOrderTestt" name="OrderHistory" time="1.952"/>
</testsuite> <!-- Error Validation Test -->
